<?xml version="1.0" encoding="UTF-8"?>
<!-- Generated by org.testng.reporters.JUnitReportReporter -->
<testsuite skipped="0" hostname="LAPTOP-92B43PI5" name="Hop" tests="1" failures="0" timestamp="17 Apr 2021 07:08:23 GMT" time="3.721" errors="0">
  <testcase name="Test" time="3.721" classname="Hop"/>
</testsuite> <!-- Hop -->
